<?xml version="1.0" encoding="UTF-8"?>
<!-- Generated by org.testng.reporters.JUnitReportReporter -->
<testsuite skipped="0" hostname="Hebert" name="caseHooks.RunHooks" tests="3" failures="0" timestamp="2020-11-25T21:36:14 EST" time="0.015" errors="0">
  <testcase name="test3" time="0.003" classname="caseHooks.RunHooks"/>
  <system-out/>
  <testcase name="test1" time="0.009" classname="caseHooks.RunHooks"/>
  <system-out/>
  <testcase name="test2" time="0.003" classname="caseHooks.RunHooks"/>
  <system-out/>
</testsuite> <!-- caseHooks.RunHooks -->
