<?xml version="1.0" encoding="UTF-8"?>
<!-- Generated by org.testng.reporters.JUnitReportReporter -->
<testsuite skipped="0" hostname="Hebert" name="testRun.PracticeTest" tests="1" failures="0" timestamp="2020-11-24T21:58:13 EST" time="21.714" errors="0">
  <testcase name="firstTest" time="21.714" classname="testRun.PracticeTest"/>
  <system-out/>
</testsuite> <!-- testRun.PracticeTest -->
